Arguments: 
  C:\Program Files\nodejs\node.exe C:\Users\weiweixuan\AppData\Roaming\npm\node_modules\yarn\bin\yarn.js add jquery

PATH: 
  C:\Program Files\Git\mingw64\bin;C:\Program Files\Git\usr\bin;C:\Users\weiweixuan\bin;C:\Program Files (x86)\NetSarang\Xshell 6;C:\WINDOWS\system32;C:\WINDOWS;C:\WINDOWS\System32\Wbem;C:\WINDOWS\System32\WindowsPowerShell\v1.0;C:\WINDOWS\System32\OpenSSH;C:\Program Files\nodejs;E:\nginx\nginx-1.18.0;C:\Program Files (x86)\NVIDIA Corporation\PhysX\Common;C:\Program Files\NVIDIA Corporation\NVIDIA NvDLISR;C:\Users\weiweixuan\AppData\Local\Microsoft\WindowsApps;D:\exe\Microsoft VS Code\bin;C:\Users\weiweixuan\AppData\Roaming\npm

Yarn version: 
  1.22.4

Node version: 
  12.16.3

Platform: 
  win32 x64

Trace: 
  Error: ENOENT: no such file or directory, copyfile 'C:\Users\weiweixuan\AppData\Local\Yarn\Cache\v6\npm-inherits-2.0.1-b17d08d326b4423e568eff719f91b0b1cbdf69f1-integrity\node_modules\inherits\inherits_browser.js' -> 'C:\project\tool_magazine\git_tools\webpack\node_modules\assert\node_modules\inherits\inherits_browser.js'

npm manifest: 
  {
    "name": "webpack",
    "version": "1.0.0",
    "description": "- 项目使用的依赖包统一都放在外层目录下",
    "main": "index.js",
    "scripts": {
      "test": "echo \"Error: no test specified\" && exit 1"
    },
    "keywords": [],
    "author": "",
    "license": "ISC",
    "devDependencies": {
      "@babel/core": "^7.10.5",
      "@babel/polyfill": "^7.10.4",
      "@babel/preset-env": "^7.10.4",
      "babel-loader": "^8.1.0",
      "core-js": "^3.6.5",
      "css-loader": "^3.6.0",
      "eslint": "^7.5.0",
      "eslint-config-airbnb-base": "^14.2.0",
      "eslint-loader": "^4.0.2",
      "eslint-plugin-import": "^2.22.0",
      "file-loader": "^6.0.0",
      "html-loader": "^1.1.0",
      "html-webpack-plugin": "^4.3.0",
      "less": "^3.12.2",
      "less-loader": "^6.2.0",
      "mini-css-extract-plugin": "^0.9.0",
      "optimize-css-assets-webpack-plugin": "^5.0.3",
      "postcss-loader": "^3.0.0",
      "postcss-preset-env": "^6.7.0",
      "style-loader": "^1.2.1",
      "url-loader": "^4.1.0",
      "webpack": "^4.43.0",
      "webpack-cli": "^3.3.12",
      "webpack-dev-server": "^3.11.0"
    },
    "dependencies": {
      "jquery": "^3.5.1",
      "mini-css-extract-plugin": "^0.9.0",
      "postcss-loader": "^3.0.0"
    },
    "browserslist": {
      "development": [
        "last 1 chrome version",
        "last 1 firefox version",
        "last 1 safari version"
      ],
      "production": [
        ">0.2%",
        "not dead",
        "not op_mini all"
      ]
    }
  }

yarn manifest: 
  No manifest

Lockfile: 
  No lockfile
